<?xml version="1.0" encoding="UTF-8"?>
<!-- Generated by org.testng.reporters.JUnitReportReporter -->
<testsuite hostname="DESKTOP-9GI0D3G" failures="0" tests="1" name="simple.Scripting1Test" time="0.020" errors="0" timestamp="2023-05-30T16:49:00 IST" skipped="0">
  <testcase classname="simple.Scripting1Test" name="demo1" time="0.020"/>
  <system-out/>
</testsuite> <!-- simple.Scripting1Test -->
